d620a6dc - Updated version to 10.3.0.RELEASE
e59df3b2 - Fixed a bug where a nullpointer could occur when trying to access the org.camunda.bpm.engine.impl.context.Context.getCommandContext() when migrating plugin actions. (#548)
010a05ea - Updated version to 10.3.0.227.RC-SNAPSHOT
89ebe64b - Merge pull request #528 from valtimo-platform/main
b4336446 - Feature/43748 api endpoint for adding objecttype list column (#504)
bbe555bc - fixed a bug where the Liquibase changeset failed on a uniqueContraint at form_io_form_definition.name (#523)
9d78e88f - Bugfixes for zaken-api create zaak (#520)
5cb19e4a - Fix query (#522)
1505fc37 - bugfix: verzoek plugin IT (#521)
4ef8b84d - Feature/47123 verzoek plugin receive notification (#515)
62723e2d - feat: 47126 plugin events (#503)
03525946 - Bugfix/duplicate form io definitions (#519)
98d4815a - Bugfix/fixes (#509)
b7e719ef - Merge main into development (#516)
24197c71 - #47094 Portaaltaak plugin - property to select object_management_conf… (#513)
5358b504 - changed naming (#512)
e538172c - Bugfix/change naming of system process verzoeken (#507)
f1654d94 - Removed openzaak dependencies from zaken-api module (#506)
0999da98 - #47348 Case search - dropdown based on 'fixed values' (#496)
70562ba3 - fixed openzaak dependencies (#505)
03777459 - Fixed error message when creating invalid search field configuration. (#500)
6c62ee2f - added process beans annotation (#502)
d71e362c - Feature/43764 endpoint for retrieving objects (#481)
06dc8126 - tp-35799 do not allow new cases with existing names (#497)
aaad22a6 - Verzoek plugin - System process updated with dmn table (#499)
ce4da320 - Verzoek plugin - System process (#498)
62cfcee4 - added actuator root url to security configuration to allow actuator endpoint discovery (#495)
6a1c1f71 - #47145 Zaken Api plugin - new plugin action 'Create zaak' (#492)
466b0e68 - Feature/bill of materials (#493)
ab9d88dd - Fixed changeset with boolean default value (#494)
d1c3fb85 - #48565 Catalogi API - new endpoint to retrieve roltypes based on case… (#488)
c1f31491 - feature/story_46943_Portal_Task_plugin (#491)
1df861ab - 43550 Only retrieve configured columns from API (#489)
42b5ee9a - validations on search field data type (#487)