da41c1fd - Updated version to 10.5.0.RELEASE
ddbd3015 - Resolved merge conflicts
c4ee4844 - Check for prefill property on prefilling form fields. (#676)
c6e9d7c5 - #60925 potential fix for /candidate-users endpoint (#669)
97eef246 - Bugfix: /candidate-users doesn't return all users (#659)
f5dbae19 - Revert "Check for prefill property on prefilling form fields."
6f8a270f - Check for prefill property on prefilling form fields.
0877c1a0 - Changed authority for getting the object management configurations (shown in menu) from admin to user.
3d48a6dd - Changed authority for checking the linked upload process from admin to user.
eae8eae2 - Updated version to 10.5.0.246.RC-SNAPSHOT
7639ebcd -  besluiten api plugin action link document to besluit (#641)
9c655a60 - Create besluit (#643)
13ab1465 - Besluiten api configuration (#642)
d76dbad9 - Added async after on task that starts handling process. (#640)
d37d3718 - findValueByJsonPointerOrDefault (#639)
db21ba6a - Fixed a bug where the submission of a form failed when an unindexed (/-/) pointer was used on a non-exisiting array (#638)
cdb7a8a5 - added process bean to start process with process definition key (#636)
2cb7af0e - #58370 Disable server send events (#637)
1cac1e5c - #50264 Catalogi API - new endpoint for retrieving Besluittypes (#633)
5ea52655 - added missing docker-compose-override.yml (#635)
120261c3 - Feature/besluiten api plugin plugin definition (#634)
88ce8780 - Last commit was based on an older version of the model. This fixes it. (#632)
300decbb - #36300 & #36301 Zaken Api plugin - new plugin actions 'Set Zaakstatus' & 'Create Zaakresultaat' (#626)
4958c46d - #50260 catalogi api new endpoint for retrieving resultaattypes based on case definition (#629)
34a21dee - Added test scenario (#631)
8787cc8a - Bugfix/57193 verzoek mapping targets (#628)
cc804e0e - #50248 Catalogi API - new endpoint for retrieving Statustypes based o… (#625)
b45b63b4 - Fixes some issues on the 'process-completed-portaaltaak' rename (#627)
bf6788c2 - added transactional event listener so that the event is captured after the transaction is commited (#624)
9fb789ba - Changed process name in portaaltaak plugin (#619)
f5f5a2dd - Fix: SmartDocuments unresolved placholder should show null (#623)
0f6708aa - updated dependencies to the latest versions that don't result in breaking changes for Valtimo. (#621)
76943b23 - changed modules for sse resource and base event (#622)
26ef76f0 - fixes (#620)
a14bd115 - sse events for documents (#618)
b3468138 - SSE implementation for Camunda events (#517)
860921a9 - Feature/portaaltaak process name change (#617)
f5d7a08a - Bugfix: Dubbel upload documenten-api-file component in form (#616)
f93e025b - Zaken Api plugin - new plugin action 'Create Niet-natuurlijk Persoon Zaakrol' (#615)
ed4c30aa - Rename verzoek mapping (#613)
bee703a1 - bugfix (#614)
9432176d - made prefillTaskVariables actually fill them with pv as well. Removed prefilling using all processes when a task ID is present. (#612)
e8694759 - fixes (#611)
5d121ad1 - Fixes (#610)
47ffb392 - feat: add delete object plugin action (#607)
07e3fbaa - Extend support for MySQL 5.7 and Postgres 12 (#608)
fb3031c6 - #53752 new endpoint to download document from documenten api plugin (#605)
fb84fed8 - fixes duplicate keys when retrieving a list of variables for a process instance. (#604)
f32dc9bc - Retrieve paginated objects response (#601)
b3a2a108 - Fix postgres: ERROR: function gen_random_uuid() does not exist (#602)
d12d7428 - Feature/47714 verzoek plugin   mapping verzoek object to gzac document (#600)
d6af983b - Bugfix/form association drop (#598)
e8cd1f10 - #55398 Release Candidate doesn't work with MySQL database (#596)
67a5f10d - Fix: missing bean ZaakObjectResource (#593)
0b0353c7 - general QoL fixes for bpmn correlation service. (#595)
8931c3ad - Bugfix/delete link document to zaak process (#594)
814f7724 - Fixed controller support for both component scan and without (#592)
4dcdea2d - Fix error: bean with name zaakDocumentResource already exists (#591)
aa734c08 - Added configuration for zaak documenten resource (#590)
acdaaf79 - Reverted incorrect HttpSecurityConfigurer bean (#589)
39eae661 - Fixed process for verzoek plugin (#588)
7c22862d - Fix document list (#587)
e8497127 - changed the object types url to include the uuid of the type (#586)
eebcc833 - Fix error: liquibase checksum changed (#584)
c7565fd6 - 47902 [BE] Service to correlate BPMN message + associate process (#570)
5a35a1f7 - #53749 Change Verzoek process to only link instead of retrieve and link (#572)
10bc30d9 - Fix integration test (#582)
48f549ca - get object by object url (#581)
4ee3cbc9 - Feature/53746 list of documents from zaken api plugin (#574)
b8c8a911 - fixed get object type url localhost change (#580)
713304ed - Updated all copyright years matching `Copyright 2015-\d{4} Ritense` (#579)
2ced3897 - Fix mysql error: Specified key was too long (#576)
af1f4248 - plugin_process_link.activity_type was added with a default value of 'bpmn:ServiceTask:start', but JPA cannot map that to the enum value. Changed database value to the enum name. (#578)
cd782704 - Make 'com.ritense.valimo:object-management' dependency optional (#573)
c6641a11 - fixed host.docker.internal (#571)
8e3aee4d - Fix errors in verzoek process (#568)
006b0197 - Change: portaaltaak other receiver (#565)