f8804b3 - Updated version to 9.14.0.RELEASE
938b949 - Updated version to 9.14.0.124.RC-SNAPSHOT
eb4ac4d - Merge branch 'main' into development
3767c6f - Fix null pointer exception (#207)
e7009c0 - ObjectsApi taak shoud accept document array (#206)
193e8f6 - Open form step on loading (#205)
1162d96 - #34898 Support multiple file upload in ObjectsApi-Task (#204)7bf5531 - Merge branch 'rc/9.14.0.124.RC'
86e2a3b - Updated version to 9.14.0.RELEASEdbcbdd7 - Merge branch 'rc/9.14.0.124.RC'
2b5fec0 - Updated version to 9.14.0.RELEASE
aa0dcea - Added release notes file
7bf5531 - Merge branch 'rc/9.14.0.124.RC'
86e2a3b - Updated version to 9.14.0.RELEASE
5fc73b1 - Added release notes file
f8804b3 - Updated version to 9.14.0.RELEASE
938b949 - Updated version to 9.14.0.124.RC-SNAPSHOT
eb4ac4d - Merge branch 'main' into development
3767c6f - Fix null pointer exception (#207)
e7009c0 - ObjectsApi taak shoud accept document array (#206)
193e8f6 - Open form step on loading (#205)
1162d96 - #34898 Support multiple file upload in ObjectsApi-Task (#204)