6046cba - Updated version to 9.6.0.RELEASE
54a2aa1 - Merge branch 'main' into rc/9.6.0.66.RC
7a6b0ce - Updated version to 9.6.0.66.RC-SNAPSHOT
b8a66e7 - #33902 Configureren taak voor maken Zaakbesluit (#114)
5337d00 - #33989 Taakobject op 'verwerkt' zetten na afronding (#110)
f851f1c - feature 33903 - Created new module Besluit (#113)
43bd76f - Forcing checksum on liquibase script (#112)
539082b - 33595-dossier-rollen-feedback (#111)
3896f88 - Use ObjectTypeUrl for matching (#109)
4fbc5b8 - Feature/taak object listener verzonden data (#108)
112c7a8 - Feature/33595 document definition roles (#107)
eafd5e1 - Use 'verzonden_data' field (#106)
f976318 - Fix tests (#105)
239c0b4 - Patch document (#104)
5372363 - Feature/33595 document definition roles (#100)
23579b9 - Feature/klant api not required for productaanvraag (#102)
63764e2 - #no-TP added logging (#101)
8adde15 - #33651 Link document to zaak (#99)
956db21 - #33651 Verwerken van notificatiedata in documenten- en zaak-API (#96)
42ba592 - Setting up more testdata at startup of gzac platform (#97)
c1604f7 - Moved testcontainers dependency from implementation to testImplementation (#98)
beacf68 - #33414 Ontvangen taak notificatie uit open notificaties (#95)
94dc446 - Feature/33824 spike improve valueresolvers (#92)
8d8eebe - Tasks in ServiceTaskHandler do not always exist (#94)
458b8b8 - #33411 Fix test (#93)
eabaa85 - Feature: Create taak objects in process (#91)