a3f91b4 - Updated version to 9.7.1.RELEASE
5ce48c7 - Updated version to 9.7.1.95.RC-SNAPSHOT
b5a1931 - Feature/34434 submitten form flow step (#157)
eb15f34 - Feature/34323 starten form flow instantie (#156)
9402d27 - Feature/revert spring cloud versioning (#155)
8289991 - Feature/34325 inrichten database form flow instantie (#154)
2e4f0ef - Feature/fix source debugging (#151)
9e1f946 - #34470 versturen mail via wordpress (#153)
01d99a7 - Feature/spring4shell fix (#152)
21dd50e - bugfix: fixed formlink json patches not checking submission content (#149)
9fafa6a - #34289 autodeployment form flow definities (#147)
626f6c7 - Added logging when document modification request fails  (#80)
d0ff3e0 - Feature/34474 kvk in taak objects (#146)
fab2f69 - Uniform naming of autoconfigure (#138)
00d6d39 - #34311 Remove default dependencies. Because they cause conflicts for form-flow in portal (#145)
a66e205 - Merge branch 'main' into development
73b7910 - Removed bsn (#144)
40e7b9a - Feature/34474 kvk in taak objects (#143)
59a1b37 - 34491 support kvk for productaanvraag (#142)
794111c - #34311 Remove spring dependency (#141)
738fd45 - 33764 - remove ROLE_ANONYMOUS from JWT claims (#140)
7fe9b99 - Bugfix/34465 verwijderen afhankelijkheid kantoor (#137)
e0d2bb6 - #34311 add form_flow_definition and form_flow_step tables (#134)
a960011 - feat: rename openzaak property (#139)
3ae4875 - #33690 get connector by type name (#136)
ea77816 - #34483 Data van ingediende taak als object aan lijst kunnen toevoegen (#135)
51479bd - #34293 Module voor Valtimo form flow (#130)
20c6613 - 33764-openzaak-claims: instead of using the original JWT claims, now use the authentication roles and map them to .roles[] (#133)